#
# There is insufficient memory for the Java Runtime Environment to continue.
# Native memory allocation (malloc) failed to allocate 1062000 bytes. Error detail: Chunk::new
# Possible reasons:
#   The system is out of physical RAM or swap space
#   This process is running with CompressedOops enabled, and the Java Heap may be blocking the growth of the native heap
# Possible solutions:
#   Reduce memory load on the system
#   Increase physical memory or swap space
#   Check if swap backing store is full
#   Decrease Java heap size (-Xmx/-Xms)
#   Decrease number of Java threads
#   Decrease Java thread stack sizes (-Xss)
#   Set larger code cache with -XX:ReservedCodeCacheSize=
#   JVM is running with Unscaled Compressed Oops mode in which the Java heap is
#     placed in the first 4GB address space. The Java Heap base address is the
#     maximum limit for the native heap growth. Please use -XX:HeapBaseMinAddress
#     to set the Java Heap base and to place the Java Heap above 4GB virtual address.
# This output file may be truncated or incomplete.
#
#  Out of Memory Error (arena.cpp:191), pid=14484, tid=21016
#
# JRE version: OpenJDK Runtime Environment Temurin-17.0.11+9 (17.0.11+9) (build 17.0.11+9)
# Java VM: OpenJDK 64-Bit Server VM Temurin-17.0.11+9 (17.0.11+9, mixed mode, tiered, compressed oops, compressed class ptrs, g1 gc, windows-amd64)
# No core dump will be written. Minidumps are not enabled by default on client versions of Windows
#

---------------  S U M M A R Y ------------

Command Line: -Dfile.encoding=UTF-8 -Dstdout.encoding=UTF-8 -Dstderr.encoding=UTF-8 -XX:+ShowCodeDetailsInExceptionMessages com.example.Products.ProductsApplication

Host: 11th Gen Intel(R) Core(TM) i5-1135G7 @ 2.40GHz, 8 cores, 7G,  Windows 11 , 64 bit Build 26100 (10.0.26100.7920)
Time: Sat Mar 21 23:44:47 2026 India Standard Time elapsed time: 6750.641947 seconds (0d 1h 52m 30s)

---------------  T H R E A D  ---------------

Current thread (0x0000020cf10629b0):  JavaThread "C2 CompilerThread0" daemon [_thread_in_native, id=21016, stack(0x000000302e600000,0x000000302e700000)]


Current CompileTask:
C2:6750642 14288   !   4       com.fasterxml.jackson.databind.ser.PropertyBuilder::buildWriter (590 bytes)

Stack: [0x000000302e600000,0x000000302e700000]
Native frames: (J=compiled Java code, j=interpreted, Vv=VM code, C=native code)
V  [jvm.dll+0x67d429]
V  [jvm.dll+0x834b7a]
V  [jvm.dll+0x83663e]
V  [jvm.dll+0x836ca3]
V  [jvm.dll+0x247dbf]
V  [jvm.dll+0xac534]
V  [jvm.dll+0xacb7c]
V  [jvm.dll+0x366647]
V  [jvm.dll+0x330bba]
V  [jvm.dll+0x33005a]
V  [jvm.dll+0x21a471]
V  [jvm.dll+0x2198b1]
V  [jvm.dll+0x1a534d]
V  [jvm.dll+0x2295cd]
V  [jvm.dll+0x22779c]
V  [jvm.dll+0x7e9d07]
V  [jvm.dll+0x7e410a]
V  [jvm.dll+0x67c315]
C  [ucrtbase.dll+0x37b0]
C  [KERNEL32.DLL+0x2e8d7]
C  [ntdll.dll+0x8c48c]


---------------  P R O C E S S  ---------------

Threads class SMR info:
_java_thread_list=0x0000020cf68036c0, length=40, elements={
0x0000020cf1017920, 0x0000020cf10181f0, 0x0000020cf105e280, 0x0000020cf105eb50,
0x0000020cf1061430, 0x0000020cf1061d00, 0x0000020cf10629b0, 0x0000020cf106f890,
0x0000020cf10741f0, 0x0000020cf11ee610, 0x0000020cf11fa1c0, 0x0000020cf1f74660,
0x0000020cf67018e0, 0x0000020cf5fb7d40, 0x0000020cf5fb54c0, 0x0000020cf5fb59d0,
0x0000020cf5fb5ee0, 0x0000020cf6702810, 0x0000020cf6703230, 0x0000020cf66fff90,
0x0000020cf6704b80, 0x0000020cf6705fc0, 0x0000020cf6703c50, 0x0000020cf6704670,
0x0000020cf67064d0, 0x0000020cf6705090, 0x0000020cf67055a0, 0x0000020cf6705ab0,
0x0000020cf67069e0, 0x0000020cf1f722f0, 0x0000020cf1f718d0, 0x0000020cf1f72800,
0x0000020cf1f73220, 0x0000020cf1f73730, 0x0000020cf1f73c40, 0x0000020cf1f74150,
0x0000020cf1ede070, 0x0000020cf1edd140, 0x0000020cf1eddb60, 0x0000020cf1edb7f0
}

Java Threads: ( => current thread )
  0x0000020cf1017920 JavaThread "Reference Handler" daemon [_thread_blocked, id=26100, stack(0x000000302e000000,0x000000302e100000)]
  0x0000020cf10181f0 JavaThread "Finalizer" daemon [_thread_blocked, id=10036, stack(0x000000302e100000,0x000000302e200000)]
  0x0000020cf105e280 JavaThread "Signal Dispatcher" daemon [_thread_blocked, id=6516, stack(0x000000302e200000,0x000000302e300000)]
  0x0000020cf105eb50 JavaThread "Attach Listener" daemon [_thread_blocked, id=16972, stack(0x000000302e300000,0x000000302e400000)]
  0x0000020cf1061430 JavaThread "Service Thread" daemon [_thread_blocked, id=14808, stack(0x000000302e400000,0x000000302e500000)]
  0x0000020cf1061d00 JavaThread "Monitor Deflation Thread" daemon [_thread_blocked, id=7980, stack(0x000000302e500000,0x000000302e600000)]
=>0x0000020cf10629b0 JavaThread "C2 CompilerThread0" daemon [_thread_in_native, id=21016, stack(0x000000302e600000,0x000000302e700000)]
  0x0000020cf106f890 JavaThread "C1 CompilerThread0" daemon [_thread_blocked, id=18724, stack(0x000000302e700000,0x000000302e800000)]
  0x0000020cf10741f0 JavaThread "Sweeper thread" daemon [_thread_blocked, id=2400, stack(0x000000302e800000,0x000000302e900000)]
  0x0000020cf11ee610 JavaThread "Notification Thread" daemon [_thread_blocked, id=5744, stack(0x000000302e900000,0x000000302ea00000)]
  0x0000020cf11fa1c0 JavaThread "Common-Cleaner" daemon [_thread_blocked, id=20600, stack(0x000000302eb00000,0x000000302ec00000)]
  0x0000020cf1f74660 JavaThread "mysql-cj-abandoned-connection-cleanup" daemon [_thread_blocked, id=28984, stack(0x000000302fb00000,0x000000302fc00000)]
  0x0000020cf67018e0 JavaThread "Live Reload Server" daemon [_thread_in_native, id=7804, stack(0x0000003030100000,0x0000003030200000)]
  0x0000020cf5fb7d40 JavaThread "DestroyJavaVM" [_thread_blocked, id=3024, stack(0x000000302d900000,0x000000302da00000)]
  0x0000020cf5fb54c0 JavaThread "Catalina-utility-1" [_thread_blocked, id=29428, stack(0x000000302f200000,0x000000302f300000)]
  0x0000020cf5fb59d0 JavaThread "Catalina-utility-2" [_thread_blocked, id=7344, stack(0x000000302f300000,0x000000302f400000)]
  0x0000020cf5fb5ee0 JavaThread "container-0" [_thread_blocked, id=28852, stack(0x000000302f800000,0x000000302f900000)]
  0x0000020cf6702810 JavaThread "HikariPool-4 housekeeper" daemon [_thread_blocked, id=2456, stack(0x000000302f900000,0x000000302fa00000)]
  0x0000020cf6703230 JavaThread "File Watcher" daemon [_thread_blocked, id=8376, stack(0x000000302fe00000,0x000000302ff00000)]
  0x0000020cf66fff90 JavaThread "spring.cloud.inetutils" daemon [_thread_blocked, id=19564, stack(0x000000302ff00000,0x0000003030000000)]
  0x0000020cf6704b80 JavaThread "AsyncResolver-bootstrap-0" daemon [_thread_blocked, id=520, stack(0x0000003030000000,0x0000003030100000)]
  0x0000020cf6705fc0 JavaThread "idle-connection-evictor-1" daemon [_thread_blocked, id=19092, stack(0x0000003030200000,0x0000003030300000)]
  0x0000020cf6703c50 JavaThread "DiscoveryClient-0" daemon [_thread_blocked, id=28156, stack(0x0000003030300000,0x0000003030400000)]
  0x0000020cf6704670 JavaThread "DiscoveryClient-1" daemon [_thread_blocked, id=14988, stack(0x0000003030400000,0x0000003030500000)]
  0x0000020cf67064d0 JavaThread "DiscoveryClient-InstanceInfoReplicator-0" daemon [_thread_blocked, id=6536, stack(0x0000003030500000,0x0000003030600000)]
  0x0000020cf6705090 JavaThread "http-nio-8080-exec-1" daemon [_thread_blocked, id=26300, stack(0x0000003030600000,0x0000003030700000)]
  0x0000020cf67055a0 JavaThread "http-nio-8080-exec-2" daemon [_thread_blocked, id=5484, stack(0x0000003030700000,0x0000003030800000)]
  0x0000020cf6705ab0 JavaThread "http-nio-8080-exec-3" daemon [_thread_blocked, id=23004, stack(0x0000003030800000,0x0000003030900000)]
  0x0000020cf67069e0 JavaThread "http-nio-8080-exec-4" daemon [_thread_blocked, id=28216, stack(0x0000003030900000,0x0000003030a00000)]
  0x0000020cf1f722f0 JavaThread "http-nio-8080-exec-5" daemon [_thread_blocked, id=26620, stack(0x0000003030a00000,0x0000003030b00000)]
  0x0000020cf1f718d0 JavaThread "http-nio-8080-exec-6" daemon [_thread_blocked, id=25880, stack(0x0000003030b00000,0x0000003030c00000)]
  0x0000020cf1f72800 JavaThread "http-nio-8080-exec-7" daemon [_thread_blocked, id=16976, stack(0x0000003030c00000,0x0000003030d00000)]
  0x0000020cf1f73220 JavaThread "http-nio-8080-exec-8" daemon [_thread_blocked, id=23460, stack(0x0000003030d00000,0x0000003030e00000)]
  0x0000020cf1f73730 JavaThread "http-nio-8080-exec-9" daemon [_thread_blocked, id=14784, stack(0x0000003030e00000,0x0000003030f00000)]
  0x0000020cf1f73c40 JavaThread "http-nio-8080-exec-10" daemon [_thread_blocked, id=22564, stack(0x0000003030f00000,0x0000003031000000)]
  0x0000020cf1f74150 JavaThread "http-nio-8080-Poller" daemon [_thread_in_native, id=19332, stack(0x0000003031000000,0x0000003031100000)]
  0x0000020cf1ede070 JavaThread "http-nio-8080-Acceptor" daemon [_thread_in_native, id=6216, stack(0x0000003031100000,0x0000003031200000)]
  0x0000020cf1edd140 JavaThread "DiscoveryClient-CacheRefreshExecutor-0" daemon [_thread_blocked, id=14640, stack(0x000000302d700000,0x000000302d800000)]
  0x0000020cf1eddb60 JavaThread "DiscoveryClient-HeartbeatExecutor-0" daemon [_thread_blocked, id=28648, stack(0x000000302ec00000,0x000000302ed00000)]
  0x0000020cf1edb7f0 JavaThread "AsyncResolver-bootstrap-executor-0" daemon [_thread_blocked, id=792, stack(0x000000302d600000,0x000000302d700000)]

Other Threads:
  0x0000020cf10153d0 VMThread "VM Thread" [stack: 0x000000302df00000,0x000000302e000000] [id=14608]
  0x0000020cf11f0b00 WatcherThread [stack: 0x000000302ea00000,0x000000302eb00000] [id=29632]
  0x0000020cd108b1a0 GCTaskThread "GC Thread#0" [stack: 0x000000302da00000,0x000000302db00000] [id=23788]
  0x0000020cf1fd8190 GCTaskThread "GC Thread#1" [stack: 0x000000302ed00000,0x000000302ee00000] [id=15696]
  0x0000020cf1d83ba0 GCTaskThread "GC Thread#2" [stack: 0x000000302ee00000,0x000000302ef00000] [id=9748]
  0x0000020cf1d83e60 GCTaskThread "GC Thread#3" [stack: 0x000000302ef00000,0x000000302f000000] [id=10568]
  0x0000020cf1c478d0 GCTaskThread "GC Thread#4" [stack: 0x000000302f000000,0x000000302f100000] [id=6780]
  0x0000020cf207ed20 GCTaskThread "GC Thread#5" [stack: 0x000000302f400000,0x000000302f500000] [id=7856]
  0x0000020cf207f820 GCTaskThread "GC Thread#6" [stack: 0x000000302f500000,0x000000302f600000] [id=29484]
  0x0000020cf207fae0 GCTaskThread "GC Thread#7" [stack: 0x000000302f600000,0x000000302f700000] [id=10544]
  0x0000020cd109b780 ConcurrentGCThread "G1 Main Marker" [stack: 0x000000302db00000,0x000000302dc00000] [id=16432]
  0x0000020cd109dfc0 ConcurrentGCThread "G1 Conc#0" [stack: 0x000000302dc00000,0x000000302dd00000] [id=1944]
  0x0000020cf207f2a0 ConcurrentGCThread "G1 Conc#1" [stack: 0x000000302f700000,0x000000302f800000] [id=13552]
  0x0000020cecc1c9c0 ConcurrentGCThread "G1 Refine#0" [stack: 0x000000302dd00000,0x000000302de00000] [id=9344]
  0x0000020cf343cf80 ConcurrentGCThread "G1 Refine#1" [stack: 0x000000302fc00000,0x000000302fd00000] [id=26152]
  0x0000020cecc1e0b0 ConcurrentGCThread "G1 Service" [stack: 0x000000302de00000,0x000000302df00000] [id=6704]

Threads with active compile tasks:
C2 CompilerThread0  6750737 14288   !   4       com.fasterxml.jackson.databind.ser.PropertyBuilder::buildWriter (590 bytes)

VM state: not at safepoint (normal execution)

VM Mutex/Monitor currently owned by a thread: None

Heap address: 0x0000000084400000, size: 1980 MB, Compressed Oops mode: 32-bit

CDS archive(s) not mapped
Compressed class space mapped at: 0x0000000100000000-0x0000000140000000, reserved size: 1073741824
Narrow klass base: 0x0000000000000000, Narrow klass shift: 3, Narrow klass range: 0x140000000

GC Precious Log:
 CPUs: 8 total, 8 available
 Memory: 7914M
 Large Page Support: Disabled
 NUMA Support: Disabled
 Compressed Oops: Enabled (32-bit)
 Heap Region Size: 1M
 Heap Min Capacity: 8M
 Heap Initial Capacity: 124M
 Heap Max Capacity: 1980M
 Pre-touch: Disabled
 Parallel Workers: 8
 Concurrent Workers: 2
 Concurrent Refinement Workers: 8
 Periodic GC: Disabled

Heap:
 garbage-first heap   total 101376K, used 55196K [0x0000000084400000, 0x0000000100000000)
  region size 1024K, 18 young (18432K), 1 survivors (1024K)
 Metaspace       used 91731K, committed 92416K, reserved 1179648K
  class space    used 11509K, committed 11904K, reserved 1048576K

Heap Regions: E=young(eden), S=young(survivor), O=old, HS=humongous(starts), HC=humongous(continues), CS=collection set, F=free, OA=open archive, CA=closed archive, TAMS=top-at-mark-start (previous, next)
|   0|0x0000000084400000, 0x0000000084500000, 0x0000000084500000|100%|HS|  |TAMS 0x0000000084500000, 0x0000000084400000| Complete 
|   1|0x0000000084500000, 0x0000000084600000, 0x0000000084600000|100%|HS|  |TAMS 0x0000000084600000, 0x0000000084500000| Complete 
|   2|0x0000000084600000, 0x0000000084700000, 0x0000000084700000|100%| O|  |TAMS 0x0000000084700000, 0x0000000084600000| Untracked 
|   3|0x0000000084700000, 0x0000000084800000, 0x0000000084800000|100%| O|  |TAMS 0x0000000084800000, 0x0000000084700000| Untracked 
|   4|0x0000000084800000, 0x0000000084900000, 0x0000000084900000|100%| O|  |TAMS 0x0000000084900000, 0x0000000084800000| Untracked 
|   5|0x0000000084900000, 0x00000000849ffff0, 0x0000000084a00000| 99%| O|  |TAMS 0x00000000849ffff0, 0x0000000084900000| Untracked 
|   6|0x0000000084a00000, 0x0000000084affff8, 0x0000000084b00000| 99%| O|  |TAMS 0x0000000084affff8, 0x0000000084a00000| Untracked 
|   7|0x0000000084b00000, 0x0000000084bffff0, 0x0000000084c00000| 99%| O|  |TAMS 0x0000000084bffff0, 0x0000000084b00000| Untracked 
|   8|0x0000000084c00000, 0x0000000084cfffe8, 0x0000000084d00000| 99%| O|  |TAMS 0x0000000084cfffe8, 0x0000000084c00000| Untracked 
|   9|0x0000000084d00000, 0x0000000084dffff8, 0x0000000084e00000| 99%| O|  |TAMS 0x0000000084dffff8, 0x0000000084d00000| Untracked 
|  10|0x0000000084e00000, 0x0000000084f00000, 0x0000000084f00000|100%| O|  |TAMS 0x0000000084f00000, 0x0000000084e00000| Untracked 
|  11|0x0000000084f00000, 0x0000000085000000, 0x0000000085000000|100%| O|  |TAMS 0x0000000085000000, 0x0000000084f00000| Untracked 
|  12|0x0000000085000000, 0x00000000850ffff8, 0x0000000085100000| 99%| O|  |TAMS 0x00000000850ffff8, 0x0000000085000000| Untracked 
|  13|0x0000000085100000, 0x00000000851ffff0, 0x0000000085200000| 99%| O|  |TAMS 0x00000000851ffff0, 0x0000000085100000| Untracked 
|  14|0x0000000085200000, 0x00000000852ffff8, 0x0000000085300000| 99%| O|  |TAMS 0x00000000852ffff8, 0x0000000085200000| Untracked 
|  15|0x0000000085300000, 0x00000000853ff2c0, 0x0000000085400000| 99%| O|  |TAMS 0x00000000853ff2c0, 0x0000000085300000| Untracked 
|  16|0x0000000085400000, 0x00000000854fffd8, 0x0000000085500000| 99%| O|  |TAMS 0x00000000854fffd8, 0x0000000085400000| Untracked 
|  17|0x0000000085500000, 0x0000000085600000, 0x0000000085600000|100%| O|  |TAMS 0x0000000085600000, 0x0000000085500000| Untracked 
|  18|0x0000000085600000, 0x0000000085700000, 0x0000000085700000|100%| O|  |TAMS 0x0000000085700000, 0x0000000085600000| Untracked 
|  19|0x0000000085700000, 0x0000000085800000, 0x0000000085800000|100%| O|  |TAMS 0x0000000085800000, 0x0000000085700000| Untracked 
|  20|0x0000000085800000, 0x00000000858ffff8, 0x0000000085900000| 99%| O|  |TAMS 0x00000000858ffff8, 0x0000000085800000| Untracked 
|  21|0x0000000085900000, 0x00000000859ffff8, 0x0000000085a00000| 99%| O|  |TAMS 0x00000000859ffff8, 0x0000000085900000| Untracked 
|  22|0x0000000085a00000, 0x0000000085afffe0, 0x0000000085b00000| 99%| O|  |TAMS 0x0000000085afffe0, 0x0000000085a00000| Untracked 
|  23|0x0000000085b00000, 0x0000000085bfffd0, 0x0000000085c00000| 99%| O|  |TAMS 0x0000000085bfffd0, 0x0000000085b00000| Untracked 
|  24|0x0000000085c00000, 0x0000000085c00000, 0x0000000085d00000|  0%| F|  |TAMS 0x0000000085c00000, 0x0000000085c00000| Untracked 
|  25|0x0000000085d00000, 0x0000000085e00000, 0x0000000085e00000|100%| O|  |TAMS 0x0000000085e00000, 0x0000000085d00000| Untracked 
|  26|0x0000000085e00000, 0x0000000085efedd0, 0x0000000085f00000| 99%| O|  |TAMS 0x0000000085efedd0, 0x0000000085e00000| Untracked 
|  27|0x0000000085f00000, 0x0000000085fdaa00, 0x0000000086000000| 85%| O|  |TAMS 0x0000000085f00000, 0x0000000085f00000| Untracked 
|  28|0x0000000086000000, 0x0000000086100000, 0x0000000086100000|100%| O|  |TAMS 0x0000000086100000, 0x0000000086000000| Untracked 
|  29|0x0000000086100000, 0x00000000861fffc0, 0x0000000086200000| 99%| O|  |TAMS 0x00000000861fffc0, 0x0000000086100000| Untracked 
|  30|0x0000000086200000, 0x0000000086300000, 0x0000000086300000|100%| O|  |TAMS 0x0000000086300000, 0x0000000086200000| Untracked 
|  31|0x0000000086300000, 0x0000000086400000, 0x0000000086400000|100%| O|  |TAMS 0x0000000086400000, 0x0000000086300000| Untracked 
|  32|0x0000000086400000, 0x0000000086500000, 0x0000000086500000|100%| O|  |TAMS 0x0000000086500000, 0x0000000086400000| Untracked 
|  33|0x0000000086500000, 0x0000000086600000, 0x0000000086600000|100%| O|  |TAMS 0x00000000865a7400, 0x0000000086500000| Untracked 
|  34|0x0000000086600000, 0x0000000086700000, 0x0000000086700000|100%| O|  |TAMS 0x0000000086700000, 0x0000000086600000| Untracked 
|  35|0x0000000086700000, 0x0000000086800000, 0x0000000086800000|100%| O|  |TAMS 0x0000000086800000, 0x0000000086700000| Untracked 
|  36|0x0000000086800000, 0x0000000086800000, 0x0000000086900000|  0%| F|  |TAMS 0x0000000086800000, 0x0000000086800000| Untracked 
|  37|0x0000000086900000, 0x0000000086a00000, 0x0000000086a00000|100%| O|  |TAMS 0x0000000086a00000, 0x0000000086900000| Untracked 
|  38|0x0000000086a00000, 0x0000000086b00000, 0x0000000086b00000|100%| O|  |TAMS 0x0000000086b00000, 0x0000000086a00000| Untracked 
|  39|0x0000000086b00000, 0x0000000086b00000, 0x0000000086c00000|  0%| F|  |TAMS 0x0000000086b00000, 0x0000000086b00000| Untracked 
|  40|0x0000000086c00000, 0x0000000086c00000, 0x0000000086d00000|  0%| F|  |TAMS 0x0000000086c00000, 0x0000000086c00000| Untracked 
|  41|0x0000000086d00000, 0x0000000086d00000, 0x0000000086e00000|  0%| F|  |TAMS 0x0000000086d00000, 0x0000000086d00000| Untracked 
|  42|0x0000000086e00000, 0x0000000086e00000, 0x0000000086f00000|  0%| F|  |TAMS 0x0000000086e00000, 0x0000000086e00000| Untracked 
|  43|0x0000000086f00000, 0x0000000087000000, 0x0000000087000000|100%| O|  |TAMS 0x0000000087000000, 0x0000000086f00000| Untracked 
|  44|0x0000000087000000, 0x0000000087000000, 0x0000000087100000|  0%| F|  |TAMS 0x0000000087000000, 0x0000000087000000| Untracked 
|  45|0x0000000087100000, 0x0000000087100000, 0x0000000087200000|  0%| F|  |TAMS 0x0000000087100000, 0x0000000087100000| Untracked 
|  46|0x0000000087200000, 0x0000000087200000, 0x0000000087300000|  0%| F|  |TAMS 0x0000000087200000, 0x0000000087200000| Untracked 
|  47|0x0000000087300000, 0x0000000087300000, 0x0000000087400000|  0%| F|  |TAMS 0x0000000087300000, 0x0000000087300000| Untracked 
|  48|0x0000000087400000, 0x0000000087400000, 0x0000000087500000|  0%| F|  |TAMS 0x0000000087400000, 0x0000000087400000| Untracked 
|  49|0x0000000087500000, 0x0000000087500000, 0x0000000087600000|  0%| F|  |TAMS 0x0000000087500000, 0x0000000087500000| Untracked 
|  50|0x0000000087600000, 0x0000000087600000, 0x0000000087700000|  0%| F|  |TAMS 0x0000000087600000, 0x0000000087600000| Untracked 
|  51|0x0000000087700000, 0x0000000087700000, 0x0000000087800000|  0%| F|  |TAMS 0x0000000087700000, 0x0000000087700000| Untracked 
|  52|0x0000000087800000, 0x0000000087800000, 0x0000000087900000|  0%| F|  |TAMS 0x0000000087800000, 0x0000000087800000| Untracked 
|  53|0x0000000087900000, 0x0000000087900000, 0x0000000087a00000|  0%| F|  |TAMS 0x0000000087900000, 0x0000000087900000| Untracked 
|  54|0x0000000087a00000, 0x0000000087a00000, 0x0000000087b00000|  0%| F|  |TAMS 0x0000000087a00000, 0x0000000087a00000| Untracked 
|  55|0x0000000087b00000, 0x0000000087b00000, 0x0000000087c00000|  0%| F|  |TAMS 0x0000000087b00000, 0x0000000087b00000| Untracked 
|  56|0x0000000087c00000, 0x0000000087c00000, 0x0000000087d00000|  0%| F|  |TAMS 0x0000000087c00000, 0x0000000087c00000| Untracked 
|  57|0x0000000087d00000, 0x0000000087d00000, 0x0000000087e00000|  0%| F|  |TAMS 0x0000000087d00000, 0x0000000087d00000| Untracked 
|  58|0x0000000087e00000, 0x0000000087e00000, 0x0000000087f00000|  0%| F|  |TAMS 0x0000000087e00000, 0x0000000087e00000| Untracked 
|  59|0x0000000087f00000, 0x0000000087f00000, 0x0000000088000000|  0%| F|  |TAMS 0x0000000087f00000, 0x0000000087f00000| Untracked 
|  60|0x0000000088000000, 0x0000000088000000, 0x0000000088100000|  0%| F|  |TAMS 0x0000000088000000, 0x0000000088000000| Untracked 
|  61|0x0000000088100000, 0x0000000088100000, 0x0000000088200000|  0%| F|  |TAMS 0x0000000088100000, 0x0000000088100000| Untracked 
|  62|0x0000000088200000, 0x0000000088200000, 0x0000000088300000|  0%| F|  |TAMS 0x0000000088200000, 0x0000000088200000| Untracked 
|  63|0x0000000088300000, 0x0000000088300000, 0x0000000088400000|  0%| F|  |TAMS 0x0000000088300000, 0x0000000088300000| Untracked 
|  64|0x0000000088400000, 0x0000000088400000, 0x0000000088500000|  0%| F|  |TAMS 0x0000000088400000, 0x0000000088400000| Untracked 
|  65|0x0000000088500000, 0x0000000088500000, 0x0000000088600000|  0%| F|  |TAMS 0x0000000088500000, 0x0000000088500000| Untracked 
|  66|0x0000000088600000, 0x0000000088600000, 0x0000000088700000|  0%| F|  |TAMS 0x0000000088600000, 0x0000000088600000| Untracked 
|  67|0x0000000088700000, 0x0000000088700000, 0x0000000088800000|  0%| F|  |TAMS 0x0000000088700000, 0x0000000088700000| Untracked 
|  68|0x0000000088800000, 0x0000000088800000, 0x0000000088900000|  0%| F|  |TAMS 0x0000000088800000, 0x0000000088800000| Untracked 
|  69|0x0000000088900000, 0x0000000088900000, 0x0000000088a00000|  0%| F|  |TAMS 0x0000000088900000, 0x0000000088900000| Untracked 
|  70|0x0000000088a00000, 0x0000000088a00000, 0x0000000088b00000|  0%| F|  |TAMS 0x0000000088a00000, 0x0000000088a00000| Untracked 
|  71|0x0000000088b00000, 0x0000000088b00000, 0x0000000088c00000|  0%| F|  |TAMS 0x0000000088b00000, 0x0000000088b00000| Untracked 
|  72|0x0000000088c00000, 0x0000000088c00000, 0x0000000088d00000|  0%| F|  |TAMS 0x0000000088c00000, 0x0000000088c00000| Untracked 
|  73|0x0000000088d00000, 0x0000000088d00000, 0x0000000088e00000|  0%| F|  |TAMS 0x0000000088d00000, 0x0000000088d00000| Untracked 
|  74|0x0000000088e00000, 0x0000000088e00000, 0x0000000088f00000|  0%| F|  |TAMS 0x0000000088e00000, 0x0000000088e00000| Untracked 
|  75|0x0000000088f00000, 0x0000000088f00000, 0x0000000089000000|  0%| F|  |TAMS 0x0000000088f00000, 0x0000000088f00000| Untracked 
|  76|0x0000000089000000, 0x0000000089000000, 0x0000000089100000|  0%| F|  |TAMS 0x0000000089000000, 0x0000000089000000| Untracked 
|  77|0x0000000089100000, 0x0000000089100000, 0x0000000089200000|  0%| F|  |TAMS 0x0000000089100000, 0x0000000089100000| Untracked 
|  78|0x0000000089200000, 0x0000000089200000, 0x0000000089300000|  0%| F|  |TAMS 0x0000000089200000, 0x0000000089200000| Untracked 
|  79|0x0000000089300000, 0x0000000089300000, 0x0000000089400000|  0%| F|  |TAMS 0x0000000089300000, 0x0000000089300000| Untracked 
|  80|0x0000000089400000, 0x0000000089400000, 0x0000000089500000|  0%| F|  |TAMS 0x0000000089400000, 0x0000000089400000| Untracked 
|  81|0x0000000089500000, 0x00000000895a02a8, 0x0000000089600000| 62%| E|  |TAMS 0x0000000089500000, 0x0000000089500000| Complete 
|  82|0x0000000089600000, 0x0000000089700000, 0x0000000089700000|100%| E|CS|TAMS 0x0000000089600000, 0x0000000089600000| Complete 
|  83|0x0000000089700000, 0x0000000089800000, 0x0000000089800000|100%| E|CS|TAMS 0x0000000089700000, 0x0000000089700000| Complete 
|  84|0x0000000089800000, 0x0000000089900000, 0x0000000089900000|100%| E|CS|TAMS 0x0000000089800000, 0x0000000089800000| Complete 
|  85|0x0000000089900000, 0x0000000089a00000, 0x0000000089a00000|100%| E|CS|TAMS 0x0000000089900000, 0x0000000089900000| Complete 
|  86|0x0000000089a00000, 0x0000000089b00000, 0x0000000089b00000|100%| E|CS|TAMS 0x0000000089a00000, 0x0000000089a00000| Complete 
|  87|0x0000000089b00000, 0x0000000089c00000, 0x0000000089c00000|100%| E|CS|TAMS 0x0000000089b00000, 0x0000000089b00000| Complete 
|  88|0x0000000089c00000, 0x0000000089d00000, 0x0000000089d00000|100%| E|CS|TAMS 0x0000000089c00000, 0x0000000089c00000| Complete 
|  89|0x0000000089d00000, 0x0000000089e00000, 0x0000000089e00000|100%| E|CS|TAMS 0x0000000089d00000, 0x0000000089d00000| Complete 
|  90|0x0000000089e00000, 0x0000000089f00000, 0x0000000089f00000|100%| E|CS|TAMS 0x0000000089e00000, 0x0000000089e00000| Complete 
|  91|0x0000000089f00000, 0x000000008a000000, 0x000000008a000000|100%| E|CS|TAMS 0x0000000089f00000, 0x0000000089f00000| Complete 
|  92|0x000000008a000000, 0x000000008a100000, 0x000000008a100000|100%| E|CS|TAMS 0x000000008a000000, 0x000000008a000000| Complete 
|  93|0x000000008a100000, 0x000000008a200000, 0x000000008a200000|100%| E|CS|TAMS 0x000000008a100000, 0x000000008a100000| Complete 
|  94|0x000000008a200000, 0x000000008a300000, 0x000000008a300000|100%| E|CS|TAMS 0x000000008a200000, 0x000000008a200000| Complete 
|  95|0x000000008a300000, 0x000000008a30e700, 0x000000008a400000|  5%| S|CS|TAMS 0x000000008a300000, 0x000000008a300000| Complete 
| 113|0x000000008b500000, 0x000000008b600000, 0x000000008b600000|100%| E|CS|TAMS 0x000000008b500000, 0x000000008b500000| Complete 
| 114|0x000000008b600000, 0x000000008b700000, 0x000000008b700000|100%| E|CS|TAMS 0x000000008b600000, 0x000000008b600000| Complete 
| 123|0x000000008bf00000, 0x000000008c000000, 0x000000008c000000|100%| E|CS|TAMS 0x000000008bf00000, 0x000000008bf00000| Complete 

Card table byte_map: [0x0000020ce5d30000,0x0000020ce6110000] _byte_map_base: 0x0000020ce590e000

Marking Bits (Prev, Next): (CMBitMap*) 0x0000020cd108b710, (CMBitMap*) 0x0000020cd108b6d0
 Prev Bits: [0x0000020ce83e0000, 0x0000020cea2d0000)
 Next Bits: [0x0000020ce64f0000, 0x0000020ce83e0000)

Polling page: 0x0000020cd10d0000

Metaspace:

Usage:
  Non-class:     78.34 MB used.
      Class:     11.24 MB used.
       Both:     89.58 MB used.

Virtual space:
  Non-class space:      128.00 MB reserved,      78.62 MB ( 61%) committed,  2 nodes.
      Class space:        1.00 GB reserved,      11.62 MB (  1%) committed,  1 nodes.
             Both:        1.12 GB reserved,      90.25 MB (  8%) committed. 

Chunk freelists:
   Non-Class:  1.39 MB
       Class:  4.41 MB
        Both:  5.80 MB

MaxMetaspaceSize: unlimited
CompressedClassSpaceSize: 1.00 GB
Initial GC threshold: 21.00 MB
Current GC threshold: 150.31 MB
CDS: off
MetaspaceReclaimPolicy: balanced
 - commit_granule_bytes: 65536.
 - commit_granule_words: 8192.
 - virtual_space_node_default_size: 8388608.
 - enlarge_chunks_in_place: 1.
 - new_chunks_are_fully_committed: 0.
 - uncommit_free_chunks: 1.
 - use_allocation_guard: 0.
 - handle_deallocations: 1.


Internal statistics:

num_allocs_failed_limit: 9.
num_arena_births: 1032.
num_arena_deaths: 332.
num_vsnodes_births: 3.
num_vsnodes_deaths: 0.
num_space_committed: 1444.
num_space_uncommitted: 0.
num_chunks_returned_to_freelist: 397.
num_chunks_taken_from_freelist: 4247.
num_chunk_merges: 126.
num_chunk_splits: 2880.
num_chunks_enlarged: 2128.
num_inconsistent_stats: 0.

CodeHeap 'non-profiled nmethods': size=120000Kb used=11726Kb max_used=11726Kb free=108273Kb
 bounds [0x0000020cdd9c0000, 0x0000020cde540000, 0x0000020ce4ef0000]
CodeHeap 'profiled nmethods': size=120000Kb used=23335Kb max_used=23335Kb free=96665Kb
 bounds [0x0000020cd5ef0000, 0x0000020cd75c0000, 0x0000020cdd420000]
CodeHeap 'non-nmethods': size=5760Kb used=1380Kb max_used=1442Kb free=4379Kb
 bounds [0x0000020cdd420000, 0x0000020cdd690000, 0x0000020cdd9c0000]
 total_blobs=12687 nmethods=11980 adapters=617
 compilation: enabled
              stopped_count=0, restarted_count=0
 full_count=0

Compilation events (20 events):
Event: 6691.656 Thread 0x0000020cf10629b0 nmethod 14278 0x0000020cde51c190 code [0x0000020cde51c320, 0x0000020cde51c498]
Event: 6719.239 Thread 0x0000020cf10629b0 14279       4       sun.security.util.Cache::newSoftMemoryCache (11 bytes)
Event: 6719.252 Thread 0x0000020cf106f890 14281       3       java.util.concurrent.ConcurrentSkipListMap::addIndices (211 bytes)
Event: 6719.253 Thread 0x0000020cf10629b0 nmethod 14279 0x0000020cde51c510 code [0x0000020cde51c6a0, 0x0000020cde51cb18]
Event: 6719.253 Thread 0x0000020cf10629b0 14280       4       java.net.URI$Parser::parse (243 bytes)
Event: 6719.293 Thread 0x0000020cf106f890 nmethod 14281 0x0000020cd75b6910 code [0x0000020cd75b6d60, 0x0000020cd75b90e8]
Event: 6719.641 Thread 0x0000020cf10629b0 nmethod 14280 0x0000020cde51cd10 code [0x0000020cde51d3a0, 0x0000020cde5242f0]
Event: 6721.681 Thread 0x0000020cf10629b0 14282       4       com.fasterxml.jackson.databind.BeanDescription::isNonStaticInnerClass (8 bytes)
Event: 6721.702 Thread 0x0000020cf10629b0 nmethod 14282 0x0000020cde528e10 code [0x0000020cde528fe0, 0x0000020cde529290]
Event: 6721.702 Thread 0x0000020cf10629b0 14284       4       com.fasterxml.jackson.databind.deser.BeanDeserializerBuilder::build (168 bytes)
Event: 6722.005 Thread 0x0000020cf10629b0 nmethod 14284 0x0000020cde529590 code [0x0000020cde5299c0, 0x0000020cde52cf00]
Event: 6722.005 Thread 0x0000020cf10629b0 14283       4       com.fasterxml.jackson.databind.deser.BasicDeserializerFactory$CreatorCollectionState::hasImplicitConstructorCandidates (13 bytes)
Event: 6722.008 Thread 0x0000020cf10629b0 nmethod 14283 0x0000020cde52fa10 code [0x0000020cde52fb80, 0x0000020cde52fc18]
Event: 6725.673 Thread 0x0000020cf106f890 14285  s    3       com.zaxxer.hikari.pool.HikariPool::fillPool (124 bytes)
Event: 6725.727 Thread 0x0000020cf106f890 nmethod 14285 0x0000020cd75b9c10 code [0x0000020cd75b9e80, 0x0000020cd75bab88]
Event: 6749.308 Thread 0x0000020cf10629b0 14286       4       com.fasterxml.jackson.databind.ser.BeanSerializerFactory::_constructWriter (140 bytes)
Event: 6749.413 Thread 0x0000020cf10629b0 nmethod 14286 0x0000020cde52fd10 code [0x0000020cde530000, 0x0000020cde531620]
Event: 6749.413 Thread 0x0000020cf10629b0 14287       4       com.fasterxml.jackson.databind.ser.BeanSerializerFactory::findPropertyTypeSerializer (60 bytes)
Event: 6749.416 Thread 0x0000020cf10629b0 nmethod 14287 0x0000020cde533310 code [0x0000020cde5334e0, 0x0000020cde533728]
Event: 6749.416 Thread 0x0000020cf10629b0 14288   !   4       com.fasterxml.jackson.databind.ser.PropertyBuilder::buildWriter (590 bytes)

GC Heap History (20 events):
Event: 4797.177 GC heap before
{Heap before GC invocations=99 (full 3):
 garbage-first heap   total 80896K, used 41802K [0x0000000084400000, 0x0000000100000000)
  region size 1024K, 3 young (3072K), 1 survivors (1024K)
 Metaspace       used 91486K, committed 92160K, reserved 1179648K
  class space    used 11509K, committed 11904K, reserved 1048576K
}
Event: 4797.194 GC heap after
{Heap after GC invocations=100 (full 3):
 garbage-first heap   total 80896K, used 39258K [0x0000000084400000, 0x0000000100000000)
  region size 1024K, 1 young (1024K), 1 survivors (1024K)
 Metaspace       used 91486K, committed 92160K, reserved 1179648K
  class space    used 11509K, committed 11904K, reserved 1048576K
}
Event: 5068.537 GC heap before
{Heap before GC invocations=100 (full 3):
 garbage-first heap   total 80896K, used 67930K [0x0000000084400000, 0x0000000100000000)
  region size 1024K, 30 young (30720K), 1 survivors (1024K)
 Metaspace       used 91522K, committed 92224K, reserved 1179648K
  class space    used 11509K, committed 11904K, reserved 1048576K
}
Event: 5068.670 GC heap after
{Heap after GC invocations=101 (full 3):
 garbage-first heap   total 80896K, used 39249K [0x0000000084400000, 0x0000000100000000)
  region size 1024K, 1 young (1024K), 1 survivors (1024K)
 Metaspace       used 91522K, committed 92224K, reserved 1179648K
  class space    used 11509K, committed 11904K, reserved 1048576K
}
Event: 5343.028 GC heap before
{Heap before GC invocations=102 (full 3):
 garbage-first heap   total 80896K, used 68945K [0x0000000084400000, 0x0000000100000000)
  region size 1024K, 30 young (30720K), 1 survivors (1024K)
 Metaspace       used 91648K, committed 92352K, reserved 1179648K
  class space    used 11509K, committed 11904K, reserved 1048576K
}
Event: 5343.046 GC heap after
{Heap after GC invocations=103 (full 3):
 garbage-first heap   total 80896K, used 39202K [0x0000000084400000, 0x0000000100000000)
  region size 1024K, 1 young (1024K), 1 survivors (1024K)
 Metaspace       used 91648K, committed 92352K, reserved 1179648K
  class space    used 11509K, committed 11904K, reserved 1048576K
}
Event: 5369.102 GC heap before
{Heap before GC invocations=103 (full 3):
 garbage-first heap   total 80896K, used 41250K [0x0000000084400000, 0x0000000100000000)
  region size 1024K, 3 young (3072K), 1 survivors (1024K)
 Metaspace       used 91648K, committed 92352K, reserved 1179648K
  class space    used 11509K, committed 11904K, reserved 1048576K
}
Event: 5369.113 GC heap after
{Heap after GC invocations=104 (full 3):
 garbage-first heap   total 80896K, used 39064K [0x0000000084400000, 0x0000000100000000)
  region size 1024K, 1 young (1024K), 1 survivors (1024K)
 Metaspace       used 91648K, committed 92352K, reserved 1179648K
  class space    used 11509K, committed 11904K, reserved 1048576K
}
Event: 5659.884 GC heap before
{Heap before GC invocations=104 (full 3):
 garbage-first heap   total 80896K, used 69784K [0x0000000084400000, 0x0000000100000000)
  region size 1024K, 31 young (31744K), 1 survivors (1024K)
 Metaspace       used 91669K, committed 92352K, reserved 1179648K
  class space    used 11509K, committed 11904K, reserved 1048576K
}
Event: 5659.942 GC heap after
{Heap after GC invocations=105 (full 3):
 garbage-first heap   total 80896K, used 38997K [0x0000000084400000, 0x0000000100000000)
  region size 1024K, 1 young (1024K), 1 survivors (1024K)
 Metaspace       used 91669K, committed 92352K, reserved 1179648K
  class space    used 11509K, committed 11904K, reserved 1048576K
}
Event: 5960.586 GC heap before
{Heap before GC invocations=106 (full 3):
 garbage-first heap   total 80896K, used 70741K [0x0000000084400000, 0x0000000100000000)
  region size 1024K, 32 young (32768K), 1 survivors (1024K)
 Metaspace       used 91682K, committed 92352K, reserved 1179648K
  class space    used 11509K, committed 11904K, reserved 1048576K
}
Event: 5960.622 GC heap after
{Heap after GC invocations=107 (full 3):
 garbage-first heap   total 80896K, used 39002K [0x0000000084400000, 0x0000000100000000)
  region size 1024K, 1 young (1024K), 1 survivors (1024K)
 Metaspace       used 91682K, committed 92352K, reserved 1179648K
  class space    used 11509K, committed 11904K, reserved 1048576K
}
Event: 5970.588 GC heap before
{Heap before GC invocations=107 (full 3):
 garbage-first heap   total 80896K, used 41050K [0x0000000084400000, 0x0000000100000000)
  region size 1024K, 3 young (3072K), 1 survivors (1024K)
 Metaspace       used 91683K, committed 92352K, reserved 1179648K
  class space    used 11509K, committed 11904K, reserved 1048576K
}
Event: 5970.603 GC heap after
{Heap after GC invocations=108 (full 3):
 garbage-first heap   total 80896K, used 38777K [0x0000000084400000, 0x0000000100000000)
  region size 1024K, 1 young (1024K), 1 survivors (1024K)
 Metaspace       used 91683K, committed 92352K, reserved 1179648K
  class space    used 11509K, committed 11904K, reserved 1048576K
}
Event: 6270.602 GC heap before
{Heap before GC invocations=108 (full 3):
 garbage-first heap   total 80896K, used 70521K [0x0000000084400000, 0x0000000100000000)
  region size 1024K, 32 young (32768K), 1 survivors (1024K)
 Metaspace       used 91706K, committed 92416K, reserved 1179648K
  class space    used 11509K, committed 11904K, reserved 1048576K
}
Event: 6270.665 GC heap after
{Heap after GC invocations=109 (full 3):
 garbage-first heap   total 80896K, used 39281K [0x0000000084400000, 0x0000000100000000)
  region size 1024K, 1 young (1024K), 1 survivors (1024K)
 Metaspace       used 91706K, committed 92416K, reserved 1179648K
  class space    used 11509K, committed 11904K, reserved 1048576K
}
Event: 6568.305 GC heap before
{Heap before GC invocations=110 (full 3):
 garbage-first heap   total 80896K, used 70001K [0x0000000084400000, 0x0000000100000000)
  region size 1024K, 31 young (31744K), 1 survivors (1024K)
 Metaspace       used 91726K, committed 92416K, reserved 1179648K
  class space    used 11509K, committed 11904K, reserved 1048576K
}
Event: 6568.342 GC heap after
{Heap after GC invocations=111 (full 3):
 garbage-first heap   total 101376K, used 39201K [0x0000000084400000, 0x0000000100000000)
  region size 1024K, 1 young (1024K), 1 survivors (1024K)
 Metaspace       used 91726K, committed 92416K, reserved 1179648K
  class space    used 11509K, committed 11904K, reserved 1048576K
}
Event: 6587.729 GC heap before
{Heap before GC invocations=111 (full 3):
 garbage-first heap   total 101376K, used 42273K [0x0000000084400000, 0x0000000100000000)
  region size 1024K, 4 young (4096K), 1 survivors (1024K)
 Metaspace       used 91726K, committed 92416K, reserved 1179648K
  class space    used 11509K, committed 11904K, reserved 1048576K
}
Event: 6587.748 GC heap after
{Heap after GC invocations=112 (full 3):
 garbage-first heap   total 101376K, used 38812K [0x0000000084400000, 0x0000000100000000)
  region size 1024K, 1 young (1024K), 1 survivors (1024K)
 Metaspace       used 91726K, committed 92416K, reserved 1179648K
  class space    used 11509K, committed 11904K, reserved 1048576K
}

Dll operation events (10 events):
Event: 0.008 Loaded shared library C:\Users\khush\.p2\pool\plugins\org.eclipse.justj.openjdk.hotspot.jre.full.win32.x86_64_17.0.11.v20240426-1830\jre\bin\java.dll
Event: 0.125 Loaded shared library C:\Users\khush\.p2\pool\plugins\org.eclipse.justj.openjdk.hotspot.jre.full.win32.x86_64_17.0.11.v20240426-1830\jre\bin\net.dll
Event: 0.126 Loaded shared library C:\Users\khush\.p2\pool\plugins\org.eclipse.justj.openjdk.hotspot.jre.full.win32.x86_64_17.0.11.v20240426-1830\jre\bin\nio.dll
Event: 0.131 Loaded shared library C:\Users\khush\.p2\pool\plugins\org.eclipse.justj.openjdk.hotspot.jre.full.win32.x86_64_17.0.11.v20240426-1830\jre\bin\zip.dll
Event: 0.234 Loaded shared library C:\Users\khush\.p2\pool\plugins\org.eclipse.justj.openjdk.hotspot.jre.full.win32.x86_64_17.0.11.v20240426-1830\jre\bin\verify.dll
Event: 0.242 Loaded shared library C:\Users\khush\.p2\pool\plugins\org.eclipse.justj.openjdk.hotspot.jre.full.win32.x86_64_17.0.11.v20240426-1830\jre\bin\jimage.dll
Event: 0.612 Loaded shared library C:\Users\khush\.p2\pool\plugins\org.eclipse.justj.openjdk.hotspot.jre.full.win32.x86_64_17.0.11.v20240426-1830\jre\bin\management.dll
Event: 0.619 Loaded shared library C:\Users\khush\.p2\pool\plugins\org.eclipse.justj.openjdk.hotspot.jre.full.win32.x86_64_17.0.11.v20240426-1830\jre\bin\management_ext.dll
Event: 1.723 Loaded shared library C:\Users\khush\.p2\pool\plugins\org.eclipse.justj.openjdk.hotspot.jre.full.win32.x86_64_17.0.11.v20240426-1830\jre\bin\sunmscapi.dll
Event: 5.330 Loaded shared library C:\Users\khush\.p2\pool\plugins\org.eclipse.justj.openjdk.hotspot.jre.full.win32.x86_64_17.0.11.v20240426-1830\jre\bin\extnet.dll

Deoptimization events (20 events):
Event: 5407.649 Thread 0x0000020cf5fb54c0 Uncommon trap: trap_request=0xffffffbe fr.pc=0x0000020cde4d0b44 relative=0x0000000000000324
Event: 5407.649 Thread 0x0000020cf5fb54c0 Uncommon trap: reason=profile_predicate action=maybe_recompile pc=0x0000020cde4d0b44 method=java.util.concurrent.ConcurrentHashMap$Traverser.advance()Ljava/util/concurrent/ConcurrentHashMap$Node; @ 15 c2
Event: 5407.649 Thread 0x0000020cf5fb54c0 DEOPT PACKING pc=0x0000020cde4d0b44 sp=0x000000302f2ff170
Event: 5407.649 Thread 0x0000020cf5fb54c0 DEOPT UNPACKING pc=0x0000020cdd47a1a3 sp=0x000000302f2feec8 mode 2
Event: 5408.659 Thread 0x0000020cf5fb54c0 Uncommon trap: trap_request=0xffffffbe fr.pc=0x0000020cde4d0b44 relative=0x0000000000000324
Event: 5408.659 Thread 0x0000020cf5fb54c0 Uncommon trap: reason=profile_predicate action=maybe_recompile pc=0x0000020cde4d0b44 method=java.util.concurrent.ConcurrentHashMap$Traverser.advance()Ljava/util/concurrent/ConcurrentHashMap$Node; @ 15 c2
Event: 5408.659 Thread 0x0000020cf5fb54c0 DEOPT PACKING pc=0x0000020cde4d0b44 sp=0x000000302f2ff170
Event: 5408.659 Thread 0x0000020cf5fb54c0 DEOPT UNPACKING pc=0x0000020cdd47a1a3 sp=0x000000302f2feec8 mode 2
Event: 5870.340 Thread 0x0000020cf67064d0 Uncommon trap: trap_request=0xfffffff4 fr.pc=0x0000020cde4f0d4c relative=0x0000000000006f2c
Event: 5870.340 Thread 0x0000020cf67064d0 Uncommon trap: reason=null_check action=make_not_entrant pc=0x0000020cde4f0d4c method=com.fasterxml.jackson.databind.ser.BasicSerializerFactory.findSerializerByAnnotations(Lcom/fasterxml/jackson/databind/SerializerProvider;Lcom/fasterxml/jackson/databind/
Event: 5870.340 Thread 0x0000020cf67064d0 DEOPT PACKING pc=0x0000020cde4f0d4c sp=0x00000030305fdff0
Event: 5870.341 Thread 0x0000020cf67064d0 DEOPT UNPACKING pc=0x0000020cdd47a1a3 sp=0x00000030305fdd58 mode 2
Event: 6390.831 Thread 0x0000020cf1eddb60 Uncommon trap: trap_request=0xfffffff4 fr.pc=0x0000020cde5125f8 relative=0x00000000000000d8
Event: 6390.831 Thread 0x0000020cf1eddb60 Uncommon trap: reason=null_check action=make_not_entrant pc=0x0000020cde5125f8 method=com.fasterxml.jackson.databind.deser.BeanDeserializerFactory._isSetterlessType(Ljava/lang/Class;)Z @ 3 c2
Event: 6390.831 Thread 0x0000020cf1eddb60 DEOPT PACKING pc=0x0000020cde5125f8 sp=0x000000302ecfd6a0
Event: 6390.833 Thread 0x0000020cf1eddb60 DEOPT UNPACKING pc=0x0000020cdd47a1a3 sp=0x000000302ecfd628 mode 2
Event: 6541.476 Thread 0x0000020cf1edd140 Uncommon trap: trap_request=0xfffffff4 fr.pc=0x0000020cde514e6c relative=0x000000000000014c
Event: 6541.476 Thread 0x0000020cf1edd140 Uncommon trap: reason=null_check action=make_not_entrant pc=0x0000020cde514e6c method=com.fasterxml.jackson.databind.deser.BeanDeserializerFactory._isSetterlessType(Ljava/lang/Class;)Z @ 12 c2
Event: 6541.476 Thread 0x0000020cf1edd140 DEOPT PACKING pc=0x0000020cde514e6c sp=0x000000302d7fd000
Event: 6541.476 Thread 0x0000020cf1edd140 DEOPT UNPACKING pc=0x0000020cdd47a1a3 sp=0x000000302d7fcf98 mode 2

Classes unloaded (20 events):
Event: 2902.167 Thread 0x0000020cf10153d0 Unloading class 0x0000000100320800 'jdk/internal/reflect/GeneratedConstructorAccessor5'
Event: 3413.794 Thread 0x0000020cf10153d0 Unloading class 0x0000000100550000 'jdk/internal/reflect/GeneratedConstructorAccessor27'
Event: 3413.795 Thread 0x0000020cf10153d0 Unloading class 0x00000001001a0800 'java/lang/invoke/LambdaForm$MH+0x00000001001a0800'
Event: 3413.795 Thread 0x0000020cf10153d0 Unloading class 0x00000001001a0400 'java/lang/invoke/LambdaForm$MH+0x00000001001a0400'
Event: 3413.795 Thread 0x0000020cf10153d0 Unloading class 0x00000001001a0000 'java/lang/invoke/LambdaForm$MH+0x00000001001a0000'
Event: 3413.795 Thread 0x0000020cf10153d0 Unloading class 0x0000000100199c00 'java/lang/invoke/LambdaForm$MH+0x0000000100199c00'
Event: 3413.795 Thread 0x0000020cf10153d0 Unloading class 0x0000000100199800 'java/lang/invoke/LambdaForm$MH+0x0000000100199800'
Event: 3413.795 Thread 0x0000020cf10153d0 Unloading class 0x0000000100199400 'java/lang/invoke/LambdaForm$MH+0x0000000100199400'
Event: 3413.795 Thread 0x0000020cf10153d0 Unloading class 0x0000000100199000 'java/lang/invoke/LambdaForm$MH+0x0000000100199000'
Event: 3413.795 Thread 0x0000020cf10153d0 Unloading class 0x0000000100198c00 'java/lang/invoke/LambdaForm$MH+0x0000000100198c00'
Event: 3413.795 Thread 0x0000020cf10153d0 Unloading class 0x0000000100101800 'java/lang/invoke/LambdaForm$MH+0x0000000100101800'
Event: 3413.795 Thread 0x0000020cf10153d0 Unloading class 0x0000000100101400 'java/lang/invoke/LambdaForm$MH+0x0000000100101400'
Event: 3413.795 Thread 0x0000020cf10153d0 Unloading class 0x0000000100101000 'java/lang/invoke/LambdaForm$MH+0x0000000100101000'
Event: 3413.795 Thread 0x0000020cf10153d0 Unloading class 0x0000000100100c00 'java/lang/invoke/LambdaForm$MH+0x0000000100100c00'
Event: 3413.795 Thread 0x0000020cf10153d0 Unloading class 0x0000000100100800 'java/lang/invoke/LambdaForm$MH+0x0000000100100800'
Event: 3413.795 Thread 0x0000020cf10153d0 Unloading class 0x0000000100100400 'java/lang/invoke/LambdaForm$MH+0x0000000100100400'
Event: 3413.795 Thread 0x0000020cf10153d0 Unloading class 0x00000001000d0c00 'java/lang/invoke/LambdaForm$MH+0x00000001000d0c00'
Event: 3413.796 Thread 0x0000020cf10153d0 Unloading class 0x00000001000d0800 'java/lang/invoke/LambdaForm$MH+0x00000001000d0800'
Event: 3413.796 Thread 0x0000020cf10153d0 Unloading class 0x00000001000d0000 'java/lang/invoke/LambdaForm$MH+0x00000001000d0000'
Event: 3413.796 Thread 0x0000020cf10153d0 Unloading class 0x00000001000cfc00 'java/lang/invoke/LambdaForm$MH+0x00000001000cfc00'

Classes redefined (0 events):
No events

Internal exceptions (20 events):
Event: 6691.657 Thread 0x0000020cf1edd140 Exception <a 'java/net/ConnectException'{0x0000000089921120}: Connection refused: getsockopt> (0x0000000089921120) 
thrown [s\src\hotspot\share\prims\jni.cpp, line 535]
Event: 6691.657 Thread 0x0000020cf1edd140 Exception <a 'java/net/SocketException'{0x0000000089921700}: Socket is not connected: shutdown> (0x0000000089921700) 
thrown [s\src\hotspot\share\prims\jni.cpp, line 535]
Event: 6691.673 Thread 0x0000020cf1edd140 Exception <a 'java/net/ConnectException'{0x0000000089922ad8}: Connection refused: getsockopt> (0x0000000089922ad8) 
thrown [s\src\hotspot\share\prims\jni.cpp, line 535]
Event: 6691.673 Thread 0x0000020cf1edd140 Exception <a 'java/net/SocketException'{0x00000000899230b8}: Socket is not connected: shutdown> (0x00000000899230b8) 
thrown [s\src\hotspot\share\prims\jni.cpp, line 535]
Event: 6719.265 Thread 0x0000020cf67064d0 Exception <a 'java/net/ConnectException'{0x0000000089870348}: Connection refused: getsockopt> (0x0000000089870348) 
thrown [s\src\hotspot\share\prims\jni.cpp, line 535]
Event: 6719.265 Thread 0x0000020cf67064d0 Exception <a 'java/net/SocketException'{0x0000000089870928}: Socket is not connected: shutdown> (0x0000000089870928) 
thrown [s\src\hotspot\share\prims\jni.cpp, line 535]
Event: 6719.285 Thread 0x0000020cf67064d0 Exception <a 'java/net/ConnectException'{0x0000000089871d00}: Connection refused: getsockopt> (0x0000000089871d00) 
thrown [s\src\hotspot\share\prims\jni.cpp, line 535]
Event: 6719.285 Thread 0x0000020cf67064d0 Exception <a 'java/net/SocketException'{0x00000000898722e0}: Socket is not connected: shutdown> (0x00000000898722e0) 
thrown [s\src\hotspot\share\prims\jni.cpp, line 535]
Event: 6721.307 Thread 0x0000020cf1eddb60 Exception <a 'java/net/ConnectException'{0x000000008973e750}: Connection refused: getsockopt> (0x000000008973e750) 
thrown [s\src\hotspot\share\prims\jni.cpp, line 535]
Event: 6721.307 Thread 0x0000020cf1eddb60 Exception <a 'java/net/SocketException'{0x000000008973ed30}: Socket is not connected: shutdown> (0x000000008973ed30) 
thrown [s\src\hotspot\share\prims\jni.cpp, line 535]
Event: 6721.330 Thread 0x0000020cf1eddb60 Exception <a 'java/net/ConnectException'{0x0000000089740108}: Connection refused: getsockopt> (0x0000000089740108) 
thrown [s\src\hotspot\share\prims\jni.cpp, line 535]
Event: 6721.330 Thread 0x0000020cf1eddb60 Exception <a 'java/net/SocketException'{0x00000000897406e8}: Socket is not connected: shutdown> (0x00000000897406e8) 
thrown [s\src\hotspot\share\prims\jni.cpp, line 535]
Event: 6721.710 Thread 0x0000020cf1edd140 Exception <a 'java/net/ConnectException'{0x000000008960ccd0}: Connection refused: getsockopt> (0x000000008960ccd0) 
thrown [s\src\hotspot\share\prims\jni.cpp, line 535]
Event: 6721.710 Thread 0x0000020cf1edd140 Exception <a 'java/net/SocketException'{0x000000008960d2b0}: Socket is not connected: shutdown> (0x000000008960d2b0) 
thrown [s\src\hotspot\share\prims\jni.cpp, line 535]
Event: 6721.711 Thread 0x0000020cf1edd140 Exception <a 'java/net/ConnectException'{0x000000008960e688}: Connection refused: getsockopt> (0x000000008960e688) 
thrown [s\src\hotspot\share\prims\jni.cpp, line 535]
Event: 6721.711 Thread 0x0000020cf1edd140 Exception <a 'java/net/SocketException'{0x000000008960ec68}: Socket is not connected: shutdown> (0x000000008960ec68) 
thrown [s\src\hotspot\share\prims\jni.cpp, line 535]
Event: 6749.317 Thread 0x0000020cf67064d0 Exception <a 'java/net/ConnectException'{0x00000000895409d8}: Connection refused: getsockopt> (0x00000000895409d8) 
thrown [s\src\hotspot\share\prims\jni.cpp, line 535]
Event: 6749.317 Thread 0x0000020cf67064d0 Exception <a 'java/net/SocketException'{0x0000000089540fb8}: Socket is not connected: shutdown> (0x0000000089540fb8) 
thrown [s\src\hotspot\share\prims\jni.cpp, line 535]
Event: 6749.339 Thread 0x0000020cf67064d0 Exception <a 'java/net/ConnectException'{0x0000000089542390}: Connection refused: getsockopt> (0x0000000089542390) 
thrown [s\src\hotspot\share\prims\jni.cpp, line 535]
Event: 6749.339 Thread 0x0000020cf67064d0 Exception <a 'java/net/SocketException'{0x0000000089542970}: Socket is not connected: shutdown> (0x0000000089542970) 
thrown [s\src\hotspot\share\prims\jni.cpp, line 535]

VM Operations (20 events):
Event: 6271.022 Executing VM operation: G1PauseCleanup
Event: 6271.033 Executing VM operation: G1PauseCleanup done
Event: 6299.204 Executing VM operation: Cleanup
Event: 6299.204 Executing VM operation: Cleanup done
Event: 6361.542 Executing VM operation: Cleanup
Event: 6361.542 Executing VM operation: Cleanup done
Event: 6388.694 Executing VM operation: Cleanup
Event: 6388.694 Executing VM operation: Cleanup done
Event: 6391.703 Executing VM operation: Cleanup
Event: 6391.703 Executing VM operation: Cleanup done
Event: 6418.834 Executing VM operation: Cleanup
Event: 6418.834 Executing VM operation: Cleanup done
Event: 6421.845 Executing VM operation: Cleanup
Event: 6421.845 Executing VM operation: Cleanup done
Event: 6568.296 Executing VM operation: G1CollectForAllocation
Event: 6568.342 Executing VM operation: G1CollectForAllocation done
Event: 6587.729 Executing VM operation: G1CollectForAllocation
Event: 6587.748 Executing VM operation: G1CollectForAllocation done
Event: 6662.205 Executing VM operation: Cleanup
Event: 6662.205 Executing VM operation: Cleanup done

Events (20 events):
Event: 4466.025 Thread 0x0000020cf1edbd00 Thread exited: 0x0000020cf1edbd00
Event: 4466.056 Thread 0x0000020cf1edf9c0 Thread exited: 0x0000020cf1edf9c0
Event: 6178.144 Thread 0x0000020cf1edf9c0 Thread added: 0x0000020cf1edf9c0
Event: 6178.162 Thread 0x0000020cf1edc210 Thread added: 0x0000020cf1edc210
Event: 6187.534 Thread 0x0000020cf1edf9c0 Thread exited: 0x0000020cf1edf9c0
Event: 6187.558 Thread 0x0000020cf1edc210 Thread exited: 0x0000020cf1edc210
Event: 6189.915 Thread 0x0000020cf1edf9c0 Thread added: 0x0000020cf1edf9c0
Event: 6189.915 Thread 0x0000020cf1edc210 Thread added: 0x0000020cf1edc210
Event: 6195.395 Thread 0x0000020cf1edf9c0 Thread exited: 0x0000020cf1edf9c0
Event: 6195.429 Thread 0x0000020cf1edc210 Thread exited: 0x0000020cf1edc210
Event: 6213.285 Thread 0x0000020cf1edf9c0 Thread added: 0x0000020cf1edf9c0
Event: 6213.286 Thread 0x0000020cf1edc210 Thread added: 0x0000020cf1edc210
Event: 6223.839 Thread 0x0000020cf1edf9c0 Thread exited: 0x0000020cf1edf9c0
Event: 6223.841 Thread 0x0000020cf1ee03e0 Thread added: 0x0000020cf1ee03e0
Event: 6228.847 Thread 0x0000020cf1ee03e0 Thread exited: 0x0000020cf1ee03e0
Event: 6228.877 Thread 0x0000020cf1edc210 Thread exited: 0x0000020cf1edc210
Event: 6258.378 Thread 0x0000020cf1edf9c0 Thread added: 0x0000020cf1edf9c0
Event: 6258.396 Thread 0x0000020cf1edc210 Thread added: 0x0000020cf1edc210
Event: 6263.469 Thread 0x0000020cf1edf9c0 Thread exited: 0x0000020cf1edf9c0
Event: 6264.994 Thread 0x0000020cf1edc210 Thread exited: 0x0000020cf1edc210


Dynamic libraries:
0x00007ff69dfb0000 - 0x00007ff69dfbe000 	C:\Users\khush\.p2\pool\plugins\org.eclipse.justj.openjdk.hotspot.jre.full.win32.x86_64_17.0.11.v20240426-1830\jre\bin\javaw.exe
0x00007ffbf1e60000 - 0x00007ffbf20c7000 	C:\WINDOWS\SYSTEM32\ntdll.dll
0x00007ffbefe20000 - 0x00007ffbefee9000 	C:\WINDOWS\System32\KERNEL32.DLL
0x00007ffbeec50000 - 0x00007ffbef041000 	C:\WINDOWS\System32\KERNELBASE.dll
0x00007ffbefab0000 - 0x00007ffbefbfb000 	C:\WINDOWS\System32\ucrtbase.dll
0x00007ffbe5ad0000 - 0x00007ffbe5ae7000 	C:\Users\khush\.p2\pool\plugins\org.eclipse.justj.openjdk.hotspot.jre.full.win32.x86_64_17.0.11.v20240426-1830\jre\bin\jli.dll
0x00007ffbe5ab0000 - 0x00007ffbe5acb000 	C:\Users\khush\.p2\pool\plugins\org.eclipse.justj.openjdk.hotspot.jre.full.win32.x86_64_17.0.11.v20240426-1830\jre\bin\VCRUNTIME140.dll
0x00007ffbf1c50000 - 0x00007ffbf1e15000 	C:\WINDOWS\System32\USER32.dll
0x00007ffbeea00000 - 0x00007ffbeea27000 	C:\WINDOWS\System32\win32u.dll
0x00007ffbc8f90000 - 0x00007ffbc9223000 	C:\WINDOWS\WinSxS\amd64_microsoft.windows.common-controls_6595b64144ccf1df_6.0.26100.8037_none_3e092faae333b53b\COMCTL32.dll
0x00007ffbefd40000 - 0x00007ffbefd6b000 	C:\WINDOWS\System32\GDI32.dll
0x00007ffbf1980000 - 0x00007ffbf1a29000 	C:\WINDOWS\System32\msvcrt.dll
0x00007ffbef050000 - 0x00007ffbef17b000 	C:\WINDOWS\System32\gdi32full.dll
0x00007ffbeea30000 - 0x00007ffbeead3000 	C:\WINDOWS\System32\msvcp_win.dll
0x00007ffbf1940000 - 0x00007ffbf1971000 	C:\WINDOWS\System32\IMM32.DLL
0x00007ffbe7c80000 - 0x00007ffbe7c8c000 	C:\Users\khush\.p2\pool\plugins\org.eclipse.justj.openjdk.hotspot.jre.full.win32.x86_64_17.0.11.v20240426-1830\jre\bin\vcruntime140_1.dll
0x00007ffba05f0000 - 0x00007ffba067d000 	C:\Users\khush\.p2\pool\plugins\org.eclipse.justj.openjdk.hotspot.jre.full.win32.x86_64_17.0.11.v20240426-1830\jre\bin\msvcp140.dll
0x00007ffb537e0000 - 0x00007ffb54442000 	C:\Users\khush\.p2\pool\plugins\org.eclipse.justj.openjdk.hotspot.jre.full.win32.x86_64_17.0.11.v20240426-1830\jre\bin\server\jvm.dll
0x00007ffbefc80000 - 0x00007ffbefd3b000 	C:\WINDOWS\System32\ADVAPI32.dll
0x00007ffbf0380000 - 0x00007ffbf0427000 	C:\WINDOWS\System32\sechost.dll
0x00007ffbf1400000 - 0x00007ffbf1518000 	C:\WINDOWS\System32\RPCRT4.dll
0x00007ffbe7c40000 - 0x00007ffbe7c4a000 	C:\WINDOWS\SYSTEM32\WSOCK32.dll
0x00007ffbe26b0000 - 0x00007ffbe26e5000 	C:\WINDOWS\SYSTEM32\WINMM.dll
0x00007ffbee5a0000 - 0x00007ffbee5fe000 	C:\WINDOWS\SYSTEM32\POWRPROF.dll
0x00007ffbe2480000 - 0x00007ffbe248b000 	C:\WINDOWS\SYSTEM32\VERSION.dll
0x00007ffbf0d10000 - 0x00007ffbf0d84000 	C:\WINDOWS\System32\WS2_32.dll
0x00007ffbee580000 - 0x00007ffbee594000 	C:\WINDOWS\SYSTEM32\UMPDC.dll
0x00007ffbed4d0000 - 0x00007ffbed4eb000 	C:\WINDOWS\SYSTEM32\kernel.appcore.dll
0x00007ffbe7c50000 - 0x00007ffbe7c5a000 	C:\Users\khush\.p2\pool\plugins\org.eclipse.justj.openjdk.hotspot.jre.full.win32.x86_64_17.0.11.v20240426-1830\jre\bin\jimage.dll
0x00007ffbec480000 - 0x00007ffbec6c2000 	C:\WINDOWS\SYSTEM32\DBGHELP.DLL
0x00007ffbf15b0000 - 0x00007ffbf1932000 	C:\WINDOWS\System32\combase.dll
0x00007ffbf1120000 - 0x00007ffbf11f7000 	C:\WINDOWS\System32\OLEAUT32.dll
0x00007ffbc5b40000 - 0x00007ffbc5b7b000 	C:\WINDOWS\SYSTEM32\dbgcore.DLL
0x00007ffbee8c0000 - 0x00007ffbee965000 	C:\WINDOWS\System32\bcryptPrimitives.dll
0x00007ffbcd3f0000 - 0x00007ffbcd415000 	C:\Users\khush\.p2\pool\plugins\org.eclipse.justj.openjdk.hotspot.jre.full.win32.x86_64_17.0.11.v20240426-1830\jre\bin\java.dll
0x00007ffbda750000 - 0x00007ffbda768000 	C:\Users\khush\.p2\pool\plugins\org.eclipse.justj.openjdk.hotspot.jre.full.win32.x86_64_17.0.11.v20240426-1830\jre\bin\zip.dll
0x00007ffbf0580000 - 0x00007ffbf0cdf000 	C:\WINDOWS\System32\SHELL32.dll
0x00007ffbeeae0000 - 0x00007ffbeec4a000 	C:\WINDOWS\System32\wintypes.dll
0x00007ffbef180000 - 0x00007ffbef9e4000 	C:\WINDOWS\System32\windows.storage.dll
0x00007ffbf0430000 - 0x00007ffbf0527000 	C:\WINDOWS\System32\SHCORE.dll
0x00007ffbf0fb0000 - 0x00007ffbf1017000 	C:\WINDOWS\System32\shlwapi.dll
0x00007ffbee660000 - 0x00007ffbee689000 	C:\WINDOWS\SYSTEM32\profapi.dll
0x00007ffbd99c0000 - 0x00007ffbd99d9000 	C:\Users\khush\.p2\pool\plugins\org.eclipse.justj.openjdk.hotspot.jre.full.win32.x86_64_17.0.11.v20240426-1830\jre\bin\net.dll
0x00007ffbdc7f0000 - 0x00007ffbdc917000 	C:\WINDOWS\SYSTEM32\WINHTTP.dll
0x00007ffbeda40000 - 0x00007ffbedaab000 	C:\WINDOWS\system32\mswsock.dll
0x00007ffbd9590000 - 0x00007ffbd95a6000 	C:\Users\khush\.p2\pool\plugins\org.eclipse.justj.openjdk.hotspot.jre.full.win32.x86_64_17.0.11.v20240426-1830\jre\bin\nio.dll
0x00007ffbdca80000 - 0x00007ffbdca90000 	C:\Users\khush\.p2\pool\plugins\org.eclipse.justj.openjdk.hotspot.jre.full.win32.x86_64_17.0.11.v20240426-1830\jre\bin\verify.dll
0x00007ffbe59d0000 - 0x00007ffbe59d9000 	C:\Users\khush\.p2\pool\plugins\org.eclipse.justj.openjdk.hotspot.jre.full.win32.x86_64_17.0.11.v20240426-1830\jre\bin\management.dll
0x00007ffbe59c0000 - 0x00007ffbe59cb000 	C:\Users\khush\.p2\pool\plugins\org.eclipse.justj.openjdk.hotspot.jre.full.win32.x86_64_17.0.11.v20240426-1830\jre\bin\management_ext.dll
0x00007ffbf0d00000 - 0x00007ffbf0d08000 	C:\WINDOWS\System32\PSAPI.DLL
0x00007ffbece40000 - 0x00007ffbece73000 	C:\WINDOWS\SYSTEM32\IPHLPAPI.DLL
0x00007ffbefd90000 - 0x00007ffbefd9a000 	C:\WINDOWS\System32\NSI.dll
0x00007ffbddae0000 - 0x00007ffbddafd000 	C:\WINDOWS\SYSTEM32\dhcpcsvc6.DLL
0x00007ffbdd690000 - 0x00007ffbdd6b3000 	C:\WINDOWS\SYSTEM32\dhcpcsvc.DLL
0x00007ffbece80000 - 0x00007ffbecfaa000 	C:\WINDOWS\SYSTEM32\DNSAPI.dll
0x00007ffbdbff0000 - 0x00007ffbdbffb000 	C:\Windows\System32\rasadhlp.dll
0x00007ffbe24f0000 - 0x00007ffbe2576000 	C:\WINDOWS\System32\fwpuclnt.dll
0x00007ffbda880000 - 0x00007ffbda88e000 	C:\Users\khush\.p2\pool\plugins\org.eclipse.justj.openjdk.hotspot.jre.full.win32.x86_64_17.0.11.v20240426-1830\jre\bin\sunmscapi.dll
0x00007ffbee740000 - 0x00007ffbee8b7000 	C:\WINDOWS\System32\CRYPT32.dll
0x00007ffbedf40000 - 0x00007ffbedf70000 	C:\WINDOWS\SYSTEM32\ncrypt.dll
0x00007ffbedef0000 - 0x00007ffbedf2f000 	C:\WINDOWS\SYSTEM32\NTASN1.dll
0x00007ffbedd20000 - 0x00007ffbedd3b000 	C:\WINDOWS\SYSTEM32\CRYPTSP.dll
0x00007ffbed430000 - 0x00007ffbed469000 	C:\WINDOWS\system32\rsaenh.dll
0x00007ffbedaf0000 - 0x00007ffbedb22000 	C:\WINDOWS\SYSTEM32\USERENV.dll
0x00007ffbee630000 - 0x00007ffbee65a000 	C:\WINDOWS\SYSTEM32\bcrypt.dll
0x00007ffbedd40000 - 0x00007ffbedd4c000 	C:\WINDOWS\SYSTEM32\CRYPTBASE.dll
0x00007ffbd9d70000 - 0x00007ffbd9d79000 	C:\Users\khush\.p2\pool\plugins\org.eclipse.justj.openjdk.hotspot.jre.full.win32.x86_64_17.0.11.v20240426-1830\jre\bin\extnet.dll
0x00007ffbc47b0000 - 0x00007ffbc47b8000 	C:\WINDOWS\system32\wshunix.dll

dbghelp: loaded successfully - version: 4.0.5 - missing functions: none
symbol engine: initialized successfully - sym options: 0x614 - pdb path: .;C:\Users\khush\.p2\pool\plugins\org.eclipse.justj.openjdk.hotspot.jre.full.win32.x86_64_17.0.11.v20240426-1830\jre\bin;C:\WINDOWS\SYSTEM32;C:\WINDOWS\WinSxS\amd64_microsoft.windows.common-controls_6595b64144ccf1df_6.0.26100.8037_none_3e092faae333b53b;C:\Users\khush\.p2\pool\plugins\org.eclipse.justj.openjdk.hotspot.jre.full.win32.x86_64_17.0.11.v20240426-1830\jre\bin\server

VM Arguments:
jvm_args: -Dfile.encoding=UTF-8 -Dstdout.encoding=UTF-8 -Dstderr.encoding=UTF-8 -XX:+ShowCodeDetailsInExceptionMessages 
java_command: com.example.Products.ProductsApplication
java_class_path (initial): D:\Ecommerce-Webapp\Backend\Products\target\classes;C:\Users\khush\.m2\repository\org\springframework\boot\spring-boot-starter-web\3.2.5\spring-boot-starter-web-3.2.5.jar;C:\Users\khush\.m2\repository\org\springframework\boot\spring-boot-starter\3.2.5\spring-boot-starter-3.2.5.jar;C:\Users\khush\.m2\repository\org\springframework\boot\spring-boot-starter-logging\3.2.5\spring-boot-starter-logging-3.2.5.jar;C:\Users\khush\.m2\repository\ch\qos\logback\logback-classic\1.4.14\logback-classic-1.4.14.jar;C:\Users\khush\.m2\repository\ch\qos\logback\logback-core\1.4.14\logback-core-1.4.14.jar;C:\Users\khush\.m2\repository\org\apache\logging\log4j\log4j-to-slf4j\2.21.1\log4j-to-slf4j-2.21.1.jar;C:\Users\khush\.m2\repository\org\apache\logging\log4j\log4j-api\2.21.1\log4j-api-2.21.1.jar;C:\Users\khush\.m2\repository\org\slf4j\jul-to-slf4j\2.0.13\jul-to-slf4j-2.0.13.jar;C:\Users\khush\.m2\repository\jakarta\annotation\jakarta.annotation-api\2.1.1\jakarta.annotation-api-2.1.1.jar;C:\Users\khush\.m2\repository\org\yaml\snakeyaml\2.2\snakeyaml-2.2.jar;C:\Users\khush\.m2\repository\org\springframework\boot\spring-boot-starter-json\3.2.5\spring-boot-starter-json-3.2.5.jar;C:\Users\khush\.m2\repository\com\fasterxml\jackson\core\jackson-databind\2.15.4\jackson-databind-2.15.4.jar;C:\Users\khush\.m2\repository\com\fasterxml\jackson\datatype\jackson-datatype-jdk8\2.15.4\jackson-datatype-jdk8-2.15.4.jar;C:\Users\khush\.m2\repository\com\fasterxml\jackson\datatype\jackson-datatype-jsr310\2.15.4\jackson-datatype-jsr310-2.15.4.jar;C:\Users\khush\.m2\repository\com\fasterxml\jackson\module\jackson-module-parameter-names\2.15.4\jackson-module-parameter-names-2.15.4.jar;C:\Users\khush\.m2\repository\org\springframework\boot\spring-boot-starter-tomcat\3.2.5\spring-boot-starter-tomcat-3.2.5.jar;C:\Users\khush\.m2\repository\org\apache\tomcat\embed\tomcat-embed-core\10.1.20\tomcat-embed-core-10.1.20.jar;C:\Users\khush\.m2\repository\org\apache\tomcat\embed\tomcat-e
Launcher Type: SUN_STANDARD

[Global flags]
     intx CICompilerCount                          = 4                                         {product} {ergonomic}
     uint ConcGCThreads                            = 2                                         {product} {ergonomic}
     uint G1ConcRefinementThreads                  = 8                                         {product} {ergonomic}
   size_t G1HeapRegionSize                         = 1048576                                   {product} {ergonomic}
    uintx GCDrainStackTargetSize                   = 64                                        {product} {ergonomic}
   size_t InitialHeapSize                          = 130023424                                 {product} {ergonomic}
   size_t MarkStackSize                            = 4194304                                   {product} {ergonomic}
   size_t MaxHeapSize                              = 2076180480                                {product} {ergonomic}
   size_t MaxNewSize                               = 1245708288                                {product} {ergonomic}
   size_t MinHeapDeltaBytes                        = 1048576                                   {product} {ergonomic}
   size_t MinHeapSize                              = 8388608                                   {product} {ergonomic}
    uintx NonNMethodCodeHeapSize                   = 5839372                                {pd product} {ergonomic}
    uintx NonProfiledCodeHeapSize                  = 122909434                              {pd product} {ergonomic}
    uintx ProfiledCodeHeapSize                     = 122909434                              {pd product} {ergonomic}
    uintx ReservedCodeCacheSize                    = 251658240                              {pd product} {ergonomic}
     bool SegmentedCodeCache                       = true                                      {product} {ergonomic}
     bool ShowCodeDetailsInExceptionMessages       = true                                   {manageable} {command line}
   size_t SoftMaxHeapSize                          = 2076180480                             {manageable} {ergonomic}
     bool UseCompressedClassPointers               = true                           {product lp64_product} {ergonomic}
     bool UseCompressedOops                        = true                           {product lp64_product} {ergonomic}
     bool UseG1GC                                  = true                                      {product} {ergonomic}
     bool UseLargePagesIndividualAllocation        = false                                  {pd product} {ergonomic}

Logging:
Log output configuration:
 #0: stdout all=warning uptime,level,tags
 #1: stderr all=off uptime,level,tags

Environment Variables:
PATH=C:/Users/khush/.p2/pool/plugins/org.eclipse.justj.openjdk.hotspot.jre.full.win32.x86_64_17.0.11.v20240426-1830/jre/bin/server;C:/Users/khush/.p2/pool/plugins/org.eclipse.justj.openjdk.hotspot.jre.full.win32.x86_64_17.0.11.v20240426-1830/jre/bin;C:\Program Files\Common Files\Oracle\Java\javapath;E:\OracleXE213_Win64\Oracle\dbhomeXE\bin;C:\Windows\system32;C:\Windows;C:\Windows\System32\Wbem;C:\Windows\System32\WindowsPowerShell\v1.0\;C:\Windows\System32\OpenSSH\;C:\Program Files\NVIDIA Corporation\NVIDIA NvDLISR;C:\Program Files\Microsoft\Web Platform Installer\;C:\Program Files (x86)\Microsoft ASP.NET\ASP.NET Web Pages\v1.0\;C:\Program Files (x86)\Windows Kits\8.0\Windows Performance Toolkit\;C:\Program Files\Microsoft SQL Server\110\Tools\Binn\;C:\Program Files\dotnet\;C:\WINDOWS\system32;C:\WINDOWS;C:\WINDOWS\System32\Wbem;C:\WINDOWS\System32\WindowsPowerShell\v1.0\;C:\WINDOWS\System32\OpenSSH\;C:\Program Files\MySQL\MySQL Server 8.0\bin;C:\Program Files\Java\jdk-22\bin;C:\Program Files\Amazon\AWSCLIV2\;C:\Program Files\nodejs\;C:\Program Files\Git\cmd;C:\Program Files\Docker\Docker\resources\bin;C:\Program Files (x86)\Microsoft SQL Server\160\Tools\Binn\;C:\Program Files\Microsoft SQL Server\160\Tools\Binn\;C:\Program Files\Microsoft SQL Server\Client SDK\ODBC\170\Tools\Binn\;C:\Program Files\Microsoft SQL Server\160\DTS\Binn\;C:\Program Files\MySQL\MySQL Shell 8.0\bin\;C:\Python setup\Scripts\;C:\Python setup\;C:\Users\khush\AppData\Local\Microsoft\WindowsApps;;C:\Python setup\Pycharm setup\PyCharm Community Edition 2022.3.2\bin;;C:\Users\khush\AppData\Local\Programs\Microsoft VS Code\bin;C:\Users\khush\AppData\Roaming\npm;C:\Program Files\JetBrains\IntelliJ IDEA Community Edition 2024.3.5\bin;;C:\Users\khush\eclipse\jee-2024-03\eclipse;
USERNAME=khush
OS=Windows_NT
PROCESSOR_IDENTIFIER=Intel64 Family 6 Model 140 Stepping 1, GenuineIntel
TMP=C:\Users\khush\AppData\Local\Temp
TEMP=C:\Users\khush\AppData\Local\Temp



Periodic native trim disabled


---------------  S Y S T E M  ---------------

OS:
 Windows 11 , 64 bit Build 26100 (10.0.26100.7920)
OS uptime: 4 days 23:36 hours
Hyper-V role detected

CPU: total 8 (initial active 8) (4 cores per cpu, 2 threads per core) family 6 model 140 stepping 1 microcode 0xbc, cx8, cmov, fxsr, ht, mmx, 3dnowpref, sse, sse2, sse3, ssse3, sse4.1, sse4.2, popcnt, lzcnt, tsc, tscinvbit, avx, avx2, aes, erms, clmul, bmi1, bmi2, adx, avx512f, avx512dq, avx512cd, avx512bw, avx512vl, sha, fma, vzeroupper, avx512_vpopcntdq, avx512_vpclmulqdq, avx512_vaes, avx512_vnni, clflush, clflushopt, clwb, avx512_vbmi2, avx512_vbmi, hv
Processor Information for all 8 processors :
  Max Mhz: 2419, Current Mhz: 2419, Mhz Limit: 2419

Memory: 4k page, system-wide physical 7914M (468M free)
TotalPageFile size 32490M (AvailPageFile size 0M)
current process WorkingSet (physical memory assigned to process): 85M, peak: 310M
current process commit charge ("private bytes"): 382M, peak: 385M

vm_info: OpenJDK 64-Bit Server VM (17.0.11+9) for windows-amd64 JRE (17.0.11+9), built on Apr 17 2024 06:07:48 by "admin" with MS VC++ 16.10 / 16.11 (VS2019)

END.
